<?xml version="1.0" encoding="UTF-8"?>
<!-- Generated by org.testng.reporters.JUnitXMLReporter -->
<testsuite ignored="0" hostname="DESKTOP-I9RL5TD" failures="0" tests="6" name="Default test" time="0.19" errors="0" timestamp="2025-08-25T16:13:50 IST">
  <testcase classname="reusableBase.BaseClass" name="@BeforeSuite OpenAppliction" time="-1.756118630389E9">
    <failure type="org.testng.TestNGException" message="
Parameter &amp;apos;Browser&amp;apos; is required by BeforeSuite on method OpenAppliction but has not been marked @Optional or defined
in C:\Users\Personal\AppData\Local\Temp\testng-eclipse--462752727\testng-customsuite.xml">
      <![CDATA[org.testng.TestNGException: 
Parameter 'Browser' is required by BeforeSuite on method OpenAppliction but has not been marked @Optional or defined
in C:\Users\Personal\AppData\Local\Temp\testng-eclipse--462752727\testng-customsuite.xml
at org.testng.internal.Parameters.createParams(Parameters.java:264)
at org.testng.internal.Parameters.createParametersForMethod(Parameters.java:352)
at org.testng.internal.Parameters.createParameters(Parameters.java:690)
at org.testng.internal.Parameters.createConfigurationParameters(Parameters.java:163)
at org.testng.internal.invokers.ConfigInvoker.invokeConfigurations(ConfigInvoker.java:313)
at org.testng.SuiteRunner.privateRun(SuiteRunner.java:358)
at org.testng.SuiteRunner.run(SuiteRunner.java:312)
at org.testng.SuiteRunnerWorker.runSuite(SuiteRunnerWorker.java:52)
at org.testng.SuiteRunnerWorker.run(SuiteRunnerWorker.java:95)
at org.testng.TestNG.runSuitesSequentially(TestNG.java:1274)
at org.testng.TestNG.runSuitesLocally(TestNG.java:1208)
at org.testng.TestNG.runSuites(TestNG.java:1112)
at org.testng.TestNG.run(TestNG.java:1079)
at org.testng.remote.AbstractRemoteTestNG.run(AbstractRemoteTestNG.java:115)
at org.testng.remote.RemoteTestNG.initAndRun(RemoteTestNG.java:293)
at org.testng.remote.RemoteTestNG.main(RemoteTestNG.java:91)
]]>
    </failure>
  </testcase> <!-- @BeforeSuite OpenAppliction -->
  <testcase classname="testCasesForAdactin.TC_001_LoginFunctionality" name="logintest" time="0.0">
    <skipped/>
  </testcase> <!-- logintest -->
  <testcase classname="testCasesForAdactin.TC_002_SearchHotelFunctionality" name="searcHoteltest" time="0.0">
    <skipped/>
  </testcase> <!-- searcHoteltest -->
  <testcase classname="testCasesForAdactin.TC_003_SelectHotelFunctionality" name="hotelselction" time="0.0">
    <skipped/>
  </testcase> <!-- hotelselction -->
  <testcase classname="testCasesForAdactin.TC_004_BookHotelFunctionality" name="bookhotel" time="0.0">
    <skipped/>
  </testcase> <!-- bookhotel -->
  <testcase classname="testCasesForAdactin.TC_005_BookingConfFunctionality" name="bookingctest" time="0.001">
    <skipped/>
  </testcase> <!-- bookingctest -->
  <testcase classname="testCasesForAdactin.TC_006_BookedItineraryFunctionality" name="cancelItinerarytest" time="0.0">
    <skipped/>
  </testcase> <!-- cancelItinerarytest -->
</testsuite> <!-- Default test -->
